#
# There is insufficient memory for the Java Runtime Environment to continue.
# Native memory allocation (malloc) failed to allocate 32744 bytes for ChunkPool::allocate
# Possible reasons:
#   The system is out of physical RAM or swap space
#   In 32 bit mode, the process size limit was hit
# Possible solutions:
#   Reduce memory load on the system
#   Increase physical memory or swap space
#   Check if swap backing store is full
#   Use 64 bit Java on a 64 bit OS
#   Decrease Java heap size (-Xmx/-Xms)
#   Decrease number of Java threads
#   Decrease Java thread stack sizes (-Xss)
#   Set larger code cache with -XX:ReservedCodeCacheSize=
# This output file may be truncated or incomplete.
#
#  Out of Memory Error (allocation.cpp:273), pid=4364, tid=6640
#
# JRE version: Java(TM) SE Runtime Environment (8.0_25-b18) (build 1.8.0_25-b18)
# Java VM: Java HotSpot(TM) 64-Bit Server VM (25.25-b02 mixed mode windows-amd64 compressed oops)
# Failed to write core dump. Minidumps are not enabled by default on client versions of Windows
#

---------------  T H R E A D  ---------------

Current thread (0x00000000564e8800):  JavaThread "C2 CompilerThread1" daemon [_thread_in_native, id=6640, stack(0x0000000056c90000,0x0000000056d90000)]

Stack: [0x0000000056c90000,0x0000000056d90000]
Native frames: (J=compiled Java code, j=interpreted, Vv=VM code, C=native code)
V  [jvm.dll+0x31667a]


Current CompileTask:
C2: 337331 7415       4       org.springframework.asm.ClassReader::accept (5758 bytes)


---------------  P R O C E S S  ---------------

Java Threads: ( => current thread )
  0x000000005b5a9800 JavaThread "Timer-0" daemon [_thread_blocked, id=6520, stack(0x000000005dbf0000,0x000000005dcf0000)]
  0x000000005968c800 JavaThread "btpool0-1" [_thread_blocked, id=6332, stack(0x000000005d7c0000,0x000000005d8c0000)]
  0x0000000057e3c000 JavaThread "btpool0-0" [_thread_blocked, id=960, stack(0x0000000058d90000,0x0000000058e90000)]
  0x0000000056733000 JavaThread "StopMonitor" daemon [_thread_in_native, id=7044, stack(0x000000005c040000,0x000000005c140000)]
  0x00000000594dc800 JavaThread "resolver-4" daemon [_thread_blocked, id=5772, stack(0x00000000560d0000,0x00000000561d0000)]
  0x00000000594dc000 JavaThread "resolver-3" daemon [_thread_blocked, id=5540, stack(0x000000005bf40000,0x000000005c040000)]
  0x0000000059bd5800 JavaThread "resolver-2" daemon [_thread_blocked, id=6164, stack(0x000000005d140000,0x000000005d240000)]
  0x0000000057a9e000 JavaThread "resolver-1" daemon [_thread_blocked, id=5440, stack(0x000000005a6e0000,0x000000005a7e0000)]
  0x000000005655a800 JavaThread "Service Thread" daemon [_thread_blocked, id=5952, stack(0x0000000056f10000,0x0000000057010000)]
  0x00000000564e9800 JavaThread "C1 CompilerThread2" daemon [_thread_blocked, id=4868, stack(0x00000000562e0000,0x00000000563e0000)]
=>0x00000000564e8800 JavaThread "C2 CompilerThread1" daemon [_thread_in_native, id=6640, stack(0x0000000056c90000,0x0000000056d90000)]
  0x00000000564e1800 JavaThread "C2 CompilerThread0" daemon [_thread_blocked, id=6956, stack(0x0000000056d90000,0x0000000056e90000)]
  0x00000000564e0800 JavaThread "Attach Listener" daemon [_thread_blocked, id=4544, stack(0x0000000056b00000,0x0000000056c00000)]
  0x00000000550b3800 JavaThread "Signal Dispatcher" daemon [_thread_blocked, id=1852, stack(0x0000000056990000,0x0000000056a90000)]
  0x0000000055054000 JavaThread "Finalizer" daemon [_thread_blocked, id=6824, stack(0x00000000563e0000,0x00000000564e0000)]
  0x000000005504b000 JavaThread "Reference Handler" daemon [_thread_blocked, id=6020, stack(0x00000000561d0000,0x00000000562d0000)]
  0x000000000229f000 JavaThread "main" [_thread_in_native, id=5396, stack(0x0000000002440000,0x0000000002540000)]

Other Threads:
  0x0000000055045000 VMThread [stack: 0x0000000055fd0000,0x00000000560d0000] [id=4200]
  0x0000000056560000 WatcherThread [stack: 0x0000000057060000,0x0000000057160000] [id=5748]

VM state:not at safepoint (normal execution)

VM Mutex/Monitor currently owned by a thread: None

Heap:
 PSYoungGen      total 59392K, used 31780K [0x00000000eb500000, 0x00000000f0300000, 0x0000000100000000)
  eden space 43520K, 44% used [0x00000000eb500000,0x00000000ec7d2aa0,0x00000000edf80000)
  from space 15872K, 78% used [0x00000000edf80000,0x00000000eebb66f8,0x00000000eef00000)
  to   space 16896K, 0% used [0x00000000ef280000,0x00000000ef280000,0x00000000f0300000)
 ParOldGen       total 61952K, used 34880K [0x00000000c1e00000, 0x00000000c5a80000, 0x00000000eb500000)
  object space 61952K, 56% used [0x00000000c1e00000,0x00000000c4010348,0x00000000c5a80000)
 Metaspace       used 34138K, capacity 34818K, committed 35200K, reserved 1081344K
  class space    used 3949K, capacity 4102K, committed 4224K, reserved 1048576K

Card table byte_map: [0x0000000011bd0000,0x0000000011dd0000] byte_map_base: 0x00000000115c1000

Marking Bits: (ParMarkBitMap*) 0x000000007189d490
 Begin Bits: [0x00000000125b0000, 0x0000000013538000)
 End Bits:   [0x0000000013538000, 0x00000000144c0000)

Polling page: 0x0000000000230000

CodeCache: size=245760Kb used=25557Kb max_used=25644Kb free=220202Kb
 bounds [0x0000000002810000, 0x0000000004150000, 0x0000000011810000]
 total_blobs=6385 nmethods=5955 adapters=342
 compilation: enabled

Compilation events (10 events):
Event: 335.045 Thread 0x00000000564e9800 7411       1       org.springframework.core.type.classreading.SimpleMetadataReader::getAnnotationMetadata (5 bytes)
Event: 335.045 Thread 0x00000000564e9800 nmethod 7411 0x00000000029c9690 code [0x00000000029c97e0, 0x00000000029c98f0]
Event: 335.238 Thread 0x00000000564e8800 nmethod 7409% 0x00000000040ef910 code [0x00000000040f09a0, 0x00000000040fd4f8]
Event: 335.476 Thread 0x00000000564e9800 7412       3       org.springframework.asm.MethodVisitor::visitIntInsn (17 bytes)
Event: 335.476 Thread 0x00000000564e9800 nmethod 7412 0x0000000002c44b90 code [0x0000000002c44d00, 0x0000000002c44f48]
Event: 335.477 Thread 0x00000000564e1800 7413 %     4       org.springframework.asm.ClassReader::accept @ 3791 (5758 bytes)
Event: 335.492 Thread 0x00000000564e9800 7414       1       org.springframework.core.type.classreading.SimpleMetadataReader::getClassMetadata (5 bytes)
Event: 335.493 Thread 0x00000000564e9800 nmethod 7414 0x0000000002c7de50 code [0x0000000002c7dfa0, 0x0000000002c7e0b0]
Event: 335.944 Thread 0x00000000564e1800 nmethod 7413% 0x0000000004118710 code [0x00000000041197a0, 0x00000000041273c8]
Event: 336.482 Thread 0x00000000564e8800 7415       4       org.springframework.asm.ClassReader::accept (5758 bytes)

GC Heap History (10 events):
Event: 123.177 GC heap before
{Heap before GC invocations=27 (full 2):
 PSYoungGen      total 49152K, used 43988K [0x00000000eb500000, 0x00000000ef480000, 0x0000000100000000)
  eden space 36352K, 100% used [0x00000000eb500000,0x00000000ed880000,0x00000000ed880000)
  from space 12800K, 59% used [0x00000000ee800000,0x00000000eef75078,0x00000000ef480000)
  to   space 14336K, 0% used [0x00000000ed880000,0x00000000ed880000,0x00000000ee680000)
 ParOldGen       total 61952K, used 34800K [0x00000000c1e00000, 0x00000000c5a80000, 0x00000000eb500000)
  object space 61952K, 56% used [0x00000000c1e00000,0x00000000c3ffc338,0x00000000c5a80000)
 Metaspace       used 25804K, capacity 26314K, committed 26496K, reserved 1073152K
  class space    used 2989K, capacity 3108K, committed 3200K, reserved 1048576K
Event: 123.206 GC heap after
Heap after GC invocations=27 (full 2):
 PSYoungGen      total 50688K, used 9488K [0x00000000eb500000, 0x00000000efa00000, 0x0000000100000000)
  eden space 36352K, 0% used [0x00000000eb500000,0x00000000eb500000,0x00000000ed880000)
  from space 14336K, 66% used [0x00000000ed880000,0x00000000ee1c4020,0x00000000ee680000)
  to   space 14848K, 0% used [0x00000000eeb80000,0x00000000eeb80000,0x00000000efa00000)
 ParOldGen       total 61952K, used 34800K [0x00000000c1e00000, 0x00000000c5a80000, 0x00000000eb500000)
  object space 61952K, 56% used [0x00000000c1e00000,0x00000000c3ffc338,0x00000000c5a80000)
 Metaspace       used 25804K, capacity 26314K, committed 26496K, reserved 1073152K
  class space    used 2989K, capacity 3108K, committed 3200K, reserved 1048576K
}
Event: 230.478 GC heap before
{Heap before GC invocations=28 (full 2):
 PSYoungGen      total 50688K, used 45840K [0x00000000eb500000, 0x00000000efa00000, 0x0000000100000000)
  eden space 36352K, 100% used [0x00000000eb500000,0x00000000ed880000,0x00000000ed880000)
  from space 14336K, 66% used [0x00000000ed880000,0x00000000ee1c4020,0x00000000ee680000)
  to   space 14848K, 0% used [0x00000000eeb80000,0x00000000eeb80000,0x00000000efa00000)
 ParOldGen       total 61952K, used 34800K [0x00000000c1e00000, 0x00000000c5a80000, 0x00000000eb500000)
  object space 61952K, 56% used [0x00000000c1e00000,0x00000000c3ffc338,0x00000000c5a80000)
 Metaspace       used 26164K, capacity 26678K, committed 27008K, reserved 1073152K
  class space    used 3012K, capacity 3142K, committed 3200K, reserved 1048576K
Event: 230.503 GC heap after
Heap after GC invocations=28 (full 2):
 PSYoungGen      total 54784K, used 8831K [0x00000000eb500000, 0x00000000ef980000, 0x0000000100000000)
  eden space 40448K, 0% used [0x00000000eb500000,0x00000000eb500000,0x00000000edc80000)
  from space 14336K, 61% used [0x00000000eeb80000,0x00000000ef41fd80,0x00000000ef980000)
  to   space 14848K, 0% used [0x00000000edc80000,0x00000000edc80000,0x00000000eeb00000)
 ParOldGen       total 61952K, used 34800K [0x00000000c1e00000, 0x00000000c5a80000, 0x00000000eb500000)
  object space 61952K, 56% used [0x00000000c1e00000,0x00000000c3ffc338,0x00000000c5a80000)
 Metaspace       used 26164K, capacity 26678K, committed 27008K, reserved 1073152K
  class space    used 3012K, capacity 3142K, committed 3200K, reserved 1048576K
}
Event: 256.246 GC heap before
{Heap before GC invocations=29 (full 2):
 PSYoungGen      total 54784K, used 49279K [0x00000000eb500000, 0x00000000ef980000, 0x0000000100000000)
  eden space 40448K, 100% used [0x00000000eb500000,0x00000000edc80000,0x00000000edc80000)
  from space 14336K, 61% used [0x00000000eeb80000,0x00000000ef41fd80,0x00000000ef980000)
  to   space 14848K, 0% used [0x00000000edc80000,0x00000000edc80000,0x00000000eeb00000)
 ParOldGen       total 61952K, used 34800K [0x00000000c1e00000, 0x00000000c5a80000, 0x00000000eb500000)
  object space 61952K, 56% used [0x00000000c1e00000,0x00000000c3ffc338,0x00000000c5a80000)
 Metaspace       used 27409K, capacity 27988K, committed 28160K, reserved 1075200K
  class space    used 3144K, capacity 3279K, committed 3328K, reserved 1048576K
Event: 256.267 GC heap after
Heap after GC invocations=29 (full 2):
 PSYoungGen      total 55296K, used 10718K [0x00000000eb500000, 0x00000000efe00000, 0x0000000100000000)
  eden space 40448K, 0% used [0x00000000eb500000,0x00000000eb500000,0x00000000edc80000)
  from space 14848K, 72% used [0x00000000edc80000,0x00000000ee6f7a90,0x00000000eeb00000)
  to   space 15360K, 0% used [0x00000000eef00000,0x00000000eef00000,0x00000000efe00000)
 ParOldGen       total 61952K, used 34800K [0x00000000c1e00000, 0x00000000c5a80000, 0x00000000eb500000)
  object space 61952K, 56% used [0x00000000c1e00000,0x00000000c3ffc338,0x00000000c5a80000)
 Metaspace       used 27409K, capacity 27988K, committed 28160K, reserved 1075200K
  class space    used 3144K, capacity 3279K, committed 3328K, reserved 1048576K
}
Event: 315.446 GC heap before
{Heap before GC invocations=30 (full 2):
 PSYoungGen      total 55296K, used 51166K [0x00000000eb500000, 0x00000000efe00000, 0x0000000100000000)
  eden space 40448K, 100% used [0x00000000eb500000,0x00000000edc80000,0x00000000edc80000)
  from space 14848K, 72% used [0x00000000edc80000,0x00000000ee6f7a90,0x00000000eeb00000)
  to   space 15360K, 0% used [0x00000000eef00000,0x00000000eef00000,0x00000000efe00000)
 ParOldGen       total 61952K, used 34800K [0x00000000c1e00000, 0x00000000c5a80000, 0x00000000eb500000)
  object space 61952K, 56% used [0x00000000c1e00000,0x00000000c3ffc338,0x00000000c5a80000)
 Metaspace       used 29688K, capacity 30296K, committed 30464K, reserved 1077248K
  class space    used 3393K, capacity 3513K, committed 3584K, reserved 1048576K
Event: 315.464 GC heap after
Heap after GC invocations=30 (full 2):
 PSYoungGen      total 58880K, used 11962K [0x00000000eb500000, 0x00000000efe80000, 0x0000000100000000)
  eden space 43520K, 0% used [0x00000000eb500000,0x00000000eb500000,0x00000000edf80000)
  from space 15360K, 77% used [0x00000000eef00000,0x00000000efaae998,0x00000000efe00000)
  to   space 15872K, 0% used [0x00000000edf80000,0x00000000edf80000,0x00000000eef00000)
 ParOldGen       total 61952K, used 34808K [0x00000000c1e00000, 0x00000000c5a80000, 0x00000000eb500000)
  object space 61952K, 56% used [0x00000000c1e00000,0x00000000c3ffe338,0x00000000c5a80000)
 Metaspace       used 29688K, capacity 30296K, committed 30464K, reserved 1077248K
  class space    used 3393K, capacity 3513K, committed 3584K, reserved 1048576K
}
Event: 325.429 GC heap before
{Heap before GC invocations=31 (full 2):
 PSYoungGen      total 58880K, used 55482K [0x00000000eb500000, 0x00000000efe80000, 0x0000000100000000)
  eden space 43520K, 100% used [0x00000000eb500000,0x00000000edf80000,0x00000000edf80000)
  from space 15360K, 77% used [0x00000000eef00000,0x00000000efaae998,0x00000000efe00000)
  to   space 15872K, 0% used [0x00000000edf80000,0x00000000edf80000,0x00000000eef00000)
 ParOldGen       total 61952K, used 34808K [0x00000000c1e00000, 0x00000000c5a80000, 0x00000000eb500000)
  object space 61952K, 56% used [0x00000000c1e00000,0x00000000c3ffe338,0x00000000c5a80000)
 Metaspace       used 31311K, capacity 31946K, committed 32256K, reserved 1077248K
  class space    used 3620K, capacity 3746K, committed 3840K, reserved 1048576K
Event: 325.446 GC heap after
Heap after GC invocations=31 (full 2):
 PSYoungGen      total 59392K, used 12505K [0x00000000eb500000, 0x00000000f0300000, 0x0000000100000000)
  eden space 43520K, 0% used [0x00000000eb500000,0x00000000eb500000,0x00000000edf80000)
  from space 15872K, 78% used [0x00000000edf80000,0x00000000eebb66f8,0x00000000eef00000)
  to   space 16896K, 0% used [0x00000000ef280000,0x00000000ef280000,0x00000000f0300000)
 ParOldGen       total 61952K, used 34880K [0x00000000c1e00000, 0x00000000c5a80000, 0x00000000eb500000)
  object space 61952K, 56% used [0x00000000c1e00000,0x00000000c4010348,0x00000000c5a80000)
 Metaspace       used 31311K, capacity 31946K, committed 32256K, reserved 1077248K
  class space    used 3620K, capacity 3746K, committed 3840K, reserved 1048576K
}

Deoptimization events (10 events):
Event: 325.344 Thread 0x000000000229f000 Uncommon trap: reason=class_check action=maybe_recompile pc=0x0000000003d0af10 method=java.util.Formatter$FormatSpecifier.printString(Ljava/lang/Object;Ljava/util/Locale;)V @ 98
Event: 325.692 Thread 0x000000000229f000 Uncommon trap: reason=unreached action=reinterpret pc=0x0000000002eff9e0 method=java.net.URL.<init>(Ljava/net/URL;Ljava/lang/String;Ljava/net/URLStreamHandler;)V @ 347
Event: 327.046 Thread 0x000000000229f000 Uncommon trap: reason=class_check action=maybe_recompile pc=0x0000000003d345a0 method=com.sun.org.apache.xerces.internal.impl.XMLDocumentFragmentScannerImpl$FragmentContentDriver.next()I @ 2222
Event: 327.351 Thread 0x000000000229f000 Uncommon trap: reason=unreached action=reinterpret pc=0x0000000002e09ff4 method=java.util.Hashtable$Enumerator.nextElement()Ljava/lang/Object; @ 16
Event: 327.351 Thread 0x000000000229f000 Uncommon trap: reason=unreached action=reinterpret pc=0x0000000002e0bfcc method=java.util.Hashtable$Enumerator.nextElement()Ljava/lang/Object; @ 16
Event: 327.470 Thread 0x000000000229f000 Uncommon trap: reason=class_check action=maybe_recompile pc=0x0000000003d345a0 method=com.sun.org.apache.xerces.internal.impl.XMLDocumentFragmentScannerImpl$FragmentContentDriver.next()I @ 2222
Event: 327.471 Thread 0x000000000229f000 Uncommon trap: reason=class_check action=maybe_recompile pc=0x0000000003d345b4 method=com.sun.org.apache.xerces.internal.impl.XMLDocumentFragmentScannerImpl$FragmentContentDriver.next()I @ 435
Event: 327.471 Thread 0x000000000229f000 Uncommon trap: reason=class_check action=maybe_recompile pc=0x0000000003d345b4 method=com.sun.org.apache.xerces.internal.impl.XMLDocumentFragmentScannerImpl$FragmentContentDriver.next()I @ 435
Event: 327.916 Thread 0x000000000229f000 Uncommon trap: reason=class_check action=maybe_recompile pc=0x0000000003da2668 method=com.sun.org.apache.xerces.internal.impl.XMLDocumentFragmentScannerImpl$FragmentContentDriver.next()I @ 1414
Event: 327.949 Thread 0x000000000229f000 Uncommon trap: reason=class_check action=maybe_recompile pc=0x0000000003da2668 method=com.sun.org.apache.xerces.internal.impl.XMLDocumentFragmentScannerImpl$FragmentContentDriver.next()I @ 1414

Internal exceptions (10 events):
Event: 328.738 Thread 0x000000000229f000 Exception <a 'java/security/PrivilegedActionException'> (0x00000000ebca9f10) thrown at [D:\re\workspace\8-2-build-windows-amd64-cygwin\jdk8u25\1677\hotspot\src\share\vm\prims\jvm.cpp, line 1312]
Event: 328.738 Thread 0x000000000229f000 Exception <a 'java/security/PrivilegedActionException'> (0x00000000ebcab618) thrown at [D:\re\workspace\8-2-build-windows-amd64-cygwin\jdk8u25\1677\hotspot\src\share\vm\prims\jvm.cpp, line 1312]
Event: 328.738 Thread 0x000000000229f000 Exception <a 'java/security/PrivilegedActionException'> (0x00000000ebcada88) thrown at [D:\re\workspace\8-2-build-windows-amd64-cygwin\jdk8u25\1677\hotspot\src\share\vm\prims\jvm.cpp, line 1312]
Event: 328.738 Thread 0x000000000229f000 Exception <a 'java/security/PrivilegedActionException'> (0x00000000ebcae640) thrown at [D:\re\workspace\8-2-build-windows-amd64-cygwin\jdk8u25\1677\hotspot\src\share\vm\prims\jvm.cpp, line 1312]
Event: 328.738 Thread 0x000000000229f000 Exception <a 'java/security/PrivilegedActionException'> (0x00000000ebcaf1e0) thrown at [D:\re\workspace\8-2-build-windows-amd64-cygwin\jdk8u25\1677\hotspot\src\share\vm\prims\jvm.cpp, line 1312]
Event: 328.738 Thread 0x000000000229f000 Exception <a 'java/security/PrivilegedActionException'> (0x00000000ebcb44b8) thrown at [D:\re\workspace\8-2-build-windows-amd64-cygwin\jdk8u25\1677\hotspot\src\share\vm\prims\jvm.cpp, line 1312]
Event: 328.738 Thread 0x000000000229f000 Exception <a 'java/security/PrivilegedActionException'> (0x00000000ebcb5b48) thrown at [D:\re\workspace\8-2-build-windows-amd64-cygwin\jdk8u25\1677\hotspot\src\share\vm\prims\jvm.cpp, line 1312]
Event: 328.738 Thread 0x000000000229f000 Exception <a 'java/security/PrivilegedActionException'> (0x00000000ebcb79e0) thrown at [D:\re\workspace\8-2-build-windows-amd64-cygwin\jdk8u25\1677\hotspot\src\share\vm\prims\jvm.cpp, line 1312]
Event: 328.738 Thread 0x000000000229f000 Exception <a 'java/security/PrivilegedActionException'> (0x00000000ebcb8510) thrown at [D:\re\workspace\8-2-build-windows-amd64-cygwin\jdk8u25\1677\hotspot\src\share\vm\prims\jvm.cpp, line 1312]
Event: 328.738 Thread 0x000000000229f000 Exception <a 'java/security/PrivilegedActionException'> (0x00000000ebcb9040) thrown at [D:\re\workspace\8-2-build-windows-amd64-cygwin\jdk8u25\1677\hotspot\src\share\vm\prims\jvm.cpp, line 1312]

Events (10 events):
Event: 335.476 Thread 0x00000000564e9800 flushing nmethod 0x0000000002c7dd50
Event: 335.493 Thread 0x00000000564e9800 flushing nmethod 0x0000000002d8a4d0
Event: 335.493 Thread 0x00000000564e9800 flushing nmethod 0x0000000002d8eb90
Event: 335.800 Thread 0x000000000229f000 DEOPT PACKING pc=0x00000000040770f9 sp=0x000000000253cbc0
Event: 335.801 Thread 0x000000000229f000 DEOPT UNPACKING pc=0x00000000028575bf sp=0x000000000253cc78 mode 0
Event: 335.944 Thread 0x00000000564e1800 flushing nmethod 0x0000000002e7aa90
Event: 336.482 Thread 0x000000000229f000 DEOPT PACKING pc=0x00000000040770f9 sp=0x000000000253cbc0
Event: 336.482 Thread 0x000000000229f000 DEOPT UNPACKING pc=0x00000000028575bf sp=0x000000000253cc78 mode 0
Event: 336.846 Thread 0x000000000229f000 DEOPT PACKING pc=0x00000000040770f9 sp=0x000000000253cbc0
Event: 336.846 Thread 0x000000000229f000 DEOPT UNPACKING pc=0x00000000028575bf sp=0x000000000253cc78 mode 0


Dynamic libraries:
0x000000013ff70000 - 0x000000013ffa4000 	C:\Program Files\Java\jdk1.8.0_25\bin\java.exe
0x0000000077940000 - 0x0000000077ae9000 	C:\Windows\SYSTEM32\ntdll.dll
0x0000000077720000 - 0x000000007783f000 	C:\Windows\system32\kernel32.dll
0x000007fefd8f0000 - 0x000007fefd95b000 	C:\Windows\system32\KERNELBASE.dll
0x000007feff6a0000 - 0x000007feff77b000 	C:\Windows\system32\ADVAPI32.dll
0x000007feffbb0000 - 0x000007feffc4f000 	C:\Windows\system32\msvcrt.dll
0x000007fefdf00000 - 0x000007fefdf1f000 	C:\Windows\SYSTEM32\sechost.dll
0x000007fefddd0000 - 0x000007fefdefd000 	C:\Windows\system32\RPCRT4.dll
0x0000000077840000 - 0x000000007793a000 	C:\Windows\system32\USER32.dll
0x000007feffb40000 - 0x000007feffba7000 	C:\Windows\system32\GDI32.dll
0x000007fefddb0000 - 0x000007fefddbe000 	C:\Windows\system32\LPK.dll
0x000007feffa70000 - 0x000007feffb39000 	C:\Windows\system32\USP10.dll
0x000007fefc080000 - 0x000007fefc274000 	C:\Windows\WinSxS\amd64_microsoft.windows.common-controls_6595b64144ccf1df_6.0.7601.17514_none_fa396087175ac9ac\COMCTL32.dll
0x000007fefe060000 - 0x000007fefe0d1000 	C:\Windows\system32\SHLWAPI.dll
0x000007feff2b0000 - 0x000007feff2de000 	C:\Windows\system32\IMM32.DLL
0x000007fefdc50000 - 0x000007fefdd59000 	C:\Windows\system32\MSCTF.dll
0x00000000743a0000 - 0x0000000074472000 	C:\Program Files\Java\jdk1.8.0_25\jre\bin\msvcr100.dll
0x00000000710c0000 - 0x000000007191a000 	C:\Program Files\Java\jdk1.8.0_25\jre\bin\server\jvm.dll
0x000007fef4de0000 - 0x000007fef4de9000 	C:\Windows\system32\WSOCK32.dll
0x000007fefdd60000 - 0x000007fefddad000 	C:\Windows\system32\WS2_32.dll
0x000007fefddc0000 - 0x000007fefddc8000 	C:\Windows\system32\NSI.dll
0x000007fef7740000 - 0x000007fef777b000 	C:\Windows\system32\WINMM.dll
0x0000000077b10000 - 0x0000000077b17000 	C:\Windows\system32\PSAPI.DLL
0x0000000075330000 - 0x000000007533f000 	C:\Program Files\Java\jdk1.8.0_25\jre\bin\verify.dll
0x0000000075220000 - 0x0000000075248000 	C:\Program Files\Java\jdk1.8.0_25\jre\bin\java.dll
0x00000000752b0000 - 0x00000000752c6000 	C:\Program Files\Java\jdk1.8.0_25\jre\bin\zip.dll
0x000007fefe340000 - 0x000007feff0c8000 	C:\Windows\system32\SHELL32.dll
0x000007feff300000 - 0x000007feff503000 	C:\Windows\system32\ole32.dll
0x000007fefd840000 - 0x000007fefd84f000 	C:\Windows\system32\profapi.dll
0x000007fefd710000 - 0x000007fefd767000 	C:\Windows\system32\apphelp.dll
0x0000000075290000 - 0x00000000752aa000 	C:\Program Files\Java\jdk1.8.0_25\jre\bin\net.dll
0x000007fefd070000 - 0x000007fefd0c5000 	C:\Windows\system32\mswsock.dll
0x000007fefd060000 - 0x000007fefd067000 	C:\Windows\System32\wship6.dll
0x0000000075200000 - 0x0000000075211000 	C:\Program Files\Java\jdk1.8.0_25\jre\bin\nio.dll
0x00000000742b0000 - 0x00000000742d4000 	C:\Program Files\Java\jdk1.8.0_25\jre\bin\sunec.dll
0x000007fefd0d0000 - 0x000007fefd0e7000 	C:\Windows\system32\CRYPTSP.dll
0x000007fefcdd0000 - 0x000007fefce17000 	C:\Windows\system32\rsaenh.dll
0x000007fefcb90000 - 0x000007fefcbae000 	C:\Windows\system32\USERENV.dll
0x000007fefd770000 - 0x000007fefd77f000 	C:\Windows\system32\CRYPTBASE.dll
0x000007fefb450000 - 0x000007fefb477000 	C:\Windows\system32\IPHLPAPI.DLL
0x000007fefb410000 - 0x000007fefb41b000 	C:\Windows\system32\WINNSI.DLL
0x000007fefb2a0000 - 0x000007fefb2b8000 	C:\Windows\system32\dhcpcsvc.DLL
0x000007fefb280000 - 0x000007fefb291000 	C:\Windows\system32\dhcpcsvc6.DLL
0x000007fefca70000 - 0x000007fefca77000 	C:\Windows\System32\wshtcpip.dll
0x000007fefcef0000 - 0x000007fefcf4b000 	C:\Windows\system32\DNSAPI.dll
0x000007fefa8e0000 - 0x000007fefa8e8000 	C:\Windows\system32\rasadhlp.dll
0x000007fefb340000 - 0x000007fefb393000 	C:\Windows\System32\fwpuclnt.dll

VM Arguments:
jvm_args: -Dclassworlds.conf=C:\Program Files\NetBeans 8.0.2\java\maven\bin\m2.conf -Dmaven.home=C:\Program Files\NetBeans 8.0.2\java\maven 
java_command: org.codehaus.plexus.classworlds.launcher.Launcher -Dmaven.ext.class.path=C:\Program Files\NetBeans 8.0.2\java\maven-nblib\netbeans-eventspy.jar clean install
java_class_path (initial): C:\Program Files\NetBeans 8.0.2\java\maven\boot\plexus-classworlds-2.4.jar
Launcher Type: SUN_STANDARD

Environment Variables:
JAVA_HOME=C:\Program Files\Java\jdk1.8.0_25
PATH=C:\ProgramData\Oracle\Java\javapath;C:\Program Files\Dell\DW WLAN Card;;C:\Windows\system32;C:\Windows;C:\Windows\System32\Wbem;C:\Windows\System32\WindowsPowerShell\v1.0\;C:\Program Files\Java\jdk1.8.0_25\bin;
USERNAME=Ussimane
OS=Windows_NT
PROCESSOR_IDENTIFIER=Intel64 Family 6 Model 58 Stepping 9, GenuineIntel



---------------  S Y S T E M  ---------------

OS: Windows 7 , 64 bit Build 7601 Service Pack 1

CPU:total 4 (2 cores per cpu, 2 threads per core) family 6 model 58 stepping 9, cmov, cx8, fxsr, mmx, sse, sse2, sse3, ssse3, sse4.1, sse4.2, popcnt, avx, aes, clmul, erms, ht, tsc, tscinvbit, tscinv

Memory: 4k page, physical 4064628k(117720k free), swap 16256668k(4848k free)

vm_info: Java HotSpot(TM) 64-Bit Server VM (25.25-b02) for windows-amd64 JRE (1.8.0_25-b18), built on Oct  7 2014 14:25:37 by "java_re" with MS VC++ 10.0 (VS2010)

time: Tue Apr 12 05:57:52 2016
elapsed time: 337 seconds (0d 0h 5m 37s)

